<?xml version="1.0" encoding="utf-8"?><testsuites name="pytest tests"><testsuite name="pytest" errors="0" failures="0" skipped="0" tests="3" time="0.057" timestamp="2026-08-11T21:06:10.030960+00:00" hostname="f5c54a0a7419"><testcase classname="model.tests.test_arx_model" name="test_deterministic" time="0.034" /><testcase classname="model.tests.test_arx_model" name="test_input_sensitivity" time="0.001" /><testcase classname="model.tests.test_arx_model" name="test_quarter_words_stay_32bit" time="0.001" /></testsuite></testsuites>